0 info it worked if it ends with ok
1 verbose cli [ '/Users/cdopuch/.nvm/versions/node/v4.2.5/bin/node',
1 verbose cli   '/Users/cdopuch/.nvm/versions/node/v4.2.5/bin/npm',
1 verbose cli   'i',
1 verbose cli   '--save-dev',
1 verbose cli   'ReactDOM' ]
2 info using npm@2.14.12
3 info using node@v4.2.5
4 verbose install initial load of /Users/cdopuch/ubiquitous-spoon/client/package.json
5 warn package.json client@0.0.1 No repository field.
6 warn package.json client@0.0.1 No README data
7 warn package.json client@0.0.1 No license field.
8 verbose installManyTop reading scoped package data from /Users/cdopuch/ubiquitous-spoon/client/node_modules/babel-core/package.json
9 verbose installManyTop reading scoped package data from /Users/cdopuch/ubiquitous-spoon/client/node_modules/babel-loader/package.json
10 verbose installManyTop reading scoped package data from /Users/cdopuch/ubiquitous-spoon/client/node_modules/babel-preset-es2015/package.json
11 verbose installManyTop reading scoped package data from /Users/cdopuch/ubiquitous-spoon/client/node_modules/babel-preset-react/package.json
12 verbose installManyTop reading scoped package data from /Users/cdopuch/ubiquitous-spoon/client/node_modules/babel-preset-stage-1/package.json
13 verbose installManyTop reading scoped package data from /Users/cdopuch/ubiquitous-spoon/client/node_modules/history/package.json
14 verbose installManyTop reading scoped package data from /Users/cdopuch/ubiquitous-spoon/client/node_modules/lodash/package.json
15 verbose installManyTop reading scoped package data from /Users/cdopuch/ubiquitous-spoon/client/node_modules/react/package.json
16 verbose installManyTop reading scoped package data from /Users/cdopuch/ubiquitous-spoon/client/node_modules/react-dom/package.json
17 verbose installManyTop reading scoped package data from /Users/cdopuch/ubiquitous-spoon/client/node_modules/react-redux/package.json
18 verbose installManyTop reading scoped package data from /Users/cdopuch/ubiquitous-spoon/client/node_modules/react-router/package.json
19 verbose installManyTop reading scoped package data from /Users/cdopuch/ubiquitous-spoon/client/node_modules/redux/package.json
20 verbose installManyTop reading scoped package data from /Users/cdopuch/ubiquitous-spoon/client/node_modules/redux-router/package.json
21 verbose installManyTop reading scoped package data from /Users/cdopuch/ubiquitous-spoon/client/node_modules/redux-thunk/package.json
22 verbose installManyTop reading scoped package data from /Users/cdopuch/ubiquitous-spoon/client/node_modules/webpack/package.json
23 verbose readDependencies loading dependencies from /Users/cdopuch/ubiquitous-spoon/client/package.json
24 silly cache add args [ 'ReactDOM', null ]
25 verbose cache add spec ReactDOM
26 silly cache add parsed spec Result {
26 silly cache add   raw: 'ReactDOM',
26 silly cache add   scope: null,
26 silly cache add   name: 'ReactDOM',
26 silly cache add   rawSpec: '',
26 silly cache add   spec: 'latest',
26 silly cache add   type: 'tag' }
27 silly addNamed ReactDOM@latest
28 verbose addNamed "latest" is being treated as a dist-tag for ReactDOM
29 info addNameTag [ 'ReactDOM', 'latest' ]
30 silly mapToRegistry name ReactDOM
31 silly mapToRegistry using default registry
32 silly mapToRegistry registry https://npm.corp.appnexus.com/
33 silly mapToRegistry uri https://npm.corp.appnexus.com/ReactDOM
34 verbose addNameTag registry:https://npm.corp.appnexus.com/ReactDOM not in flight; fetching
35 verbose request uri https://npm.corp.appnexus.com/ReactDOM
36 verbose request no auth needed
37 info attempt registry request try #1 at 8:07:20 PM
38 verbose request id c1ad476258b1e91d
39 http request GET https://npm.corp.appnexus.com/ReactDOM
40 http 404 https://npm.corp.appnexus.com/ReactDOM
41 verbose headers { date: 'Wed, 06 Apr 2016 03:07:21 GMT',
41 verbose headers   'x-powered-by': 'Sinopia/1.3.0',
41 verbose headers   'content-type': 'application/json; charset=utf-8',
41 verbose headers   'content-length': '43',
41 verbose headers   etag: 'W/"2b-d418f262"',
41 verbose headers   vary: 'Accept-Encoding',
41 verbose headers   'x-status-cat': 'http://flic.kr/p/aV6juR',
41 verbose headers   connection: 'close' }
42 silly get cb [ 404,
42 silly get   { date: 'Wed, 06 Apr 2016 03:07:21 GMT',
42 silly get     'x-powered-by': 'Sinopia/1.3.0',
42 silly get     'content-type': 'application/json; charset=utf-8',
42 silly get     'content-length': '43',
42 silly get     etag: 'W/"2b-d418f262"',
42 silly get     vary: 'Accept-Encoding',
42 silly get     'x-status-cat': 'http://flic.kr/p/aV6juR',
42 silly get     connection: 'close' } ]
43 verbose stack Error: no such package available : ReactDOM
43 verbose stack     at makeError (/Users/cdopuch/.nvm/versions/node/v4.2.5/lib/node_modules/npm/node_modules/npm-registry-client/lib/request.js:264:12)
43 verbose stack     at CachingRegistryClient.<anonymous> (/Users/cdopuch/.nvm/versions/node/v4.2.5/lib/node_modules/npm/node_modules/npm-registry-client/lib/request.js:252:14)
43 verbose stack     at Request._callback (/Users/cdopuch/.nvm/versions/node/v4.2.5/lib/node_modules/npm/node_modules/npm-registry-client/lib/request.js:172:14)
43 verbose stack     at Request.self.callback (/Users/cdopuch/.nvm/versions/node/v4.2.5/lib/node_modules/npm/node_modules/request/request.js:198:22)
43 verbose stack     at emitTwo (events.js:87:13)
43 verbose stack     at Request.emit (events.js:172:7)
43 verbose stack     at Request.<anonymous> (/Users/cdopuch/.nvm/versions/node/v4.2.5/lib/node_modules/npm/node_modules/request/request.js:1082:10)
43 verbose stack     at emitOne (events.js:82:20)
43 verbose stack     at Request.emit (events.js:169:7)
43 verbose stack     at IncomingMessage.<anonymous> (/Users/cdopuch/.nvm/versions/node/v4.2.5/lib/node_modules/npm/node_modules/request/request.js:1009:12)
44 verbose statusCode 404
45 verbose pkgid ReactDOM
46 verbose cwd /Users/cdopuch/ubiquitous-spoon/client
47 error Darwin 14.5.0
48 error argv "/Users/cdopuch/.nvm/versions/node/v4.2.5/bin/node" "/Users/cdopuch/.nvm/versions/node/v4.2.5/bin/npm" "i" "--save-dev" "ReactDOM"
49 error node v4.2.5
50 error npm  v2.14.12
51 error code E404
52 error 404 no such package available : ReactDOM
52 error 404
52 error 404 'ReactDOM' is not in the npm registry.
52 error 404 Your package name is not valid, because
52 error 404
52 error 404  1. name can no longer contain capital letters
52 error 404 It was specified as a dependency of 'client'
52 error 404
52 error 404 Note that you can also install from a
52 error 404 tarball, folder, http url, or git url.
53 verbose exit [ 1, true ]
